Saturday | 2019-02-09 22:58:11 | +0700, INFO, Da cap nhat events cua ma: VNM
Saturday | 2019-02-09 23:00:37 | +0700, INFO, Da cap nhat events cua ma: VNM
Saturday | 2019-02-09 23:21:40 | +0700, INFO, Directory ./info created
Saturday | 2019-02-09 23:21:40 | +0700, INFO, Directory ./events created
Saturday | 2019-02-09 23:21:40 | +0700, INFO, Directory ./historical_prices created
Saturday | 2019-02-09 23:21:40 | +0700, INFO, Da cap nhat du lieu thi truong viet nam update_data()
Saturday | 2019-02-09 23:21:41 | +0700, INFO, Da yeu cau ma CP: VNM
Saturday | 2019-02-09 23:21:41 | +0700, INFO, Directory ./historical_prices/VNM created
Saturday | 2019-02-09 23:22:40 | +0700, INFO, Da yeu cau ma CP: VNM
Saturday | 2019-02-09 23:28:00 | +0700, INFO, Da yeu cau ma CP: VNM
Sunday | 2019-02-10 10:03:57 | +0700, INFO, Da yeu cau ma CP: VNM
Sunday | 2019-02-10 10:04:50 | +0700, INFO, Da yeu cau ma CP: VNM
Sunday | 2019-02-10 10:14:38 | +0700, INFO, Da yeu cau ma CP: VNM
Sunday | 2019-02-10 11:19:50 | +0700, INFO, Da yeu cau ma CP: VNM
Sunday | 2019-02-10 11:22:47 | +0700, INFO, Da yeu cau ma CP: VNM
Sunday | 2019-02-10 11:24:17 | +0700, INFO, Da yeu cau ma CP: VNM
Sunday | 2019-02-10 11:27:35 | +0700, INFO, Da yeu cau ma CP: VNM
Sunday | 2019-02-10 11:29:43 | +0700, INFO, Da yeu cau ma CP: VNM
Sunday | 2019-02-10 11:32:41 | +0700, INFO, Da yeu cau ma CP: VNM
Sunday | 2019-02-10 11:33:06 | +0700, INFO, Da yeu cau ma CP: VNM
Sunday | 2019-02-10 11:33:48 | +0700, INFO, Da yeu cau ma CP: VNM
Sunday | 2019-02-10 11:34:45 | +0700, INFO, Da yeu cau ma CP: VNM
Sunday | 2019-02-10 11:35:06 | +0700, INFO, Da yeu cau ma CP: VNM
Sunday | 2019-02-10 11:36:15 | +0700, INFO, Da yeu cau ma CP: VNM
Sunday | 2019-02-10 11:39:54 | +0700, INFO, Da yeu cau ma CP: VNM
Sunday | 2019-02-10 11:41:03 | +0700, INFO, Da yeu cau ma CP: VNM
Sunday | 2019-02-10 12:12:08 | +0700, INFO, Da yeu cau ma CP: VNM
Sunday | 2019-02-10 12:12:27 | +0700, INFO, Da yeu cau ma CP: VNM
Sunday | 2019-02-10 12:13:33 | +0700, INFO, Da yeu cau ma CP: VNM
Sunday | 2019-02-10 12:13:52 | +0700, INFO, Da yeu cau ma CP: VNM
Sunday | 2019-02-10 12:55:45 | +0700, INFO, Da yeu cau ma CP: VNM
Sunday | 2019-02-10 12:56:43 | +0700, INFO, Da yeu cau ma CP: VNM
Sunday | 2019-02-10 12:57:27 | +0700, INFO, Da yeu cau ma CP: VNM
Sunday | 2019-02-10 12:58:29 | +0700, INFO, Da yeu cau ma CP: VNM
Sunday | 2019-02-10 12:58:46 | +0700, INFO, Da yeu cau ma CP: VNM
Sunday | 2019-02-10 13:00:11 | +0700, INFO, Da yeu cau ma CP: VNM
Sunday | 2019-02-10 13:00:43 | +0700, INFO, Da yeu cau ma CP: VNM
Sunday | 2019-02-10 13:01:17 | +0700, INFO, Da yeu cau ma CP: VNM
Sunday | 2019-02-10 13:05:40 | +0700, INFO, Da yeu cau ma CP: VNM
Sunday | 2019-02-10 13:06:16 | +0700, INFO, Da yeu cau ma CP: VNM
Sunday | 2019-02-10 13:06:30 | +0700, INFO, Da yeu cau ma CP: VNM
Sunday | 2019-02-10 13:06:43 | +0700, INFO, Da yeu cau ma CP: VNM
Sunday | 2019-02-10 13:07:22 | +0700, INFO, Da yeu cau ma CP: VNM
Sunday | 2019-02-10 13:07:41 | +0700, INFO, Da yeu cau ma CP: VNM
Sunday | 2019-02-10 13:08:43 | +0700, INFO, Da yeu cau ma CP: VNM
Sunday | 2019-02-10 13:10:03 | +0700, INFO, Da yeu cau ma CP: VNM
Sunday | 2019-02-10 13:10:11 | +0700, INFO, Da yeu cau ma CP: VNM
Sunday | 2019-02-10 13:13:24 | +0700, INFO, Da yeu cau ma CP: VNM
Sunday | 2019-02-10 13:14:15 | +0700, INFO, Da yeu cau ma CP: VNM
Sunday | 2019-02-10 13:15:02 | +0700, INFO, Da yeu cau ma CP: VNM
Sunday | 2019-02-10 13:20:20 | +0700, INFO, Da yeu cau ma CP: VNM
Sunday | 2019-02-10 13:21:23 | +0700, INFO, Da yeu cau ma CP: VNM
Sunday | 2019-02-10 13:22:13 | +0700, INFO, Da yeu cau ma CP: VNM
Sunday | 2019-02-10 13:23:26 | +0700, INFO, Da yeu cau ma CP: VNM
Sunday | 2019-02-10 13:23:55 | +0700, INFO, Da yeu cau ma CP: VNM
Sunday | 2019-02-10 13:25:08 | +0700, INFO, Da yeu cau ma CP: VNM
Sunday | 2019-02-10 13:25:46 | +0700, INFO, Da yeu cau ma CP: VNM
Sunday | 2019-02-10 13:26:28 | +0700, INFO, Da yeu cau ma CP: VNM
Sunday | 2019-02-10 13:26:49 | +0700, INFO, Da yeu cau ma CP: VNM
Sunday | 2019-02-10 13:27:03 | +0700, INFO, Da yeu cau ma CP: VNM
Sunday | 2019-02-10 13:28:20 | +0700, INFO, Da yeu cau ma CP: VNM
Sunday | 2019-02-10 13:29:16 | +0700, INFO, Da yeu cau ma CP: VNM
Sunday | 2019-02-10 13:29:31 | +0700, INFO, Da yeu cau ma CP: VNM
Sunday | 2019-02-10 13:30:22 | +0700, INFO, Da yeu cau ma CP: VNM
Sunday | 2019-02-10 13:31:02 | +0700, INFO, Da yeu cau ma CP: VNM
Sunday | 2019-02-10 13:31:31 | +0700, INFO, Da yeu cau ma CP: VNM
Sunday | 2019-02-10 13:32:01 | +0700, INFO, Da yeu cau ma CP: VNM
Sunday | 2019-02-10 13:32:28 | +0700, INFO, Da yeu cau ma CP: VNM
Sunday | 2019-02-10 13:32:57 | +0700, INFO, Da yeu cau ma CP: VNM
Sunday | 2019-02-10 13:35:38 | +0700, INFO, Da yeu cau ma CP: VNM
Sunday | 2019-02-10 13:36:13 | +0700, INFO, Da yeu cau ma CP: VNM
Sunday | 2019-02-10 13:38:16 | +0700, INFO, Da yeu cau ma CP: VNM
Sunday | 2019-02-10 13:39:51 | +0700, INFO, Da yeu cau ma CP: FPT
Sunday | 2019-02-10 13:40:56 | +0700, INFO, Da yeu cau ma CP: FPT
Sunday | 2019-02-10 13:41:54 | +0700, INFO, Da yeu cau ma CP: FPT
Sunday | 2019-02-10 15:27:58 | +0700, INFO, Da yeu cau ma CP: FPT
Sunday | 2019-02-10 15:33:59 | +0700, INFO, Da yeu cau ma CP: FPT
Sunday | 2019-02-10 15:40:16 | +0700, INFO, Da yeu cau ma CP: FPT
Sunday | 2019-02-10 15:40:40 | +0700, INFO, Da yeu cau ma CP: FPT
Sunday | 2019-02-10 15:42:34 | +0700, INFO, Da yeu cau ma CP: FPT
Sunday | 2019-02-10 15:43:06 | +0700, INFO, Da yeu cau ma CP: FPT
Sunday | 2019-02-10 15:43:50 | +0700, INFO, Da yeu cau ma CP: FPT
Sunday | 2019-02-10 15:44:12 | +0700, INFO, Da yeu cau ma CP: FPT
Sunday | 2019-02-10 15:46:41 | +0700, INFO, Da yeu cau ma CP: FPT
Sunday | 2019-02-10 15:56:09 | +0700, INFO, Da yeu cau ma CP: FPT
Sunday | 2019-02-10 15:56:18 | +0700, INFO, Da yeu cau ma CP: FPT
Sunday | 2019-02-10 15:56:30 | +0700, INFO, Da yeu cau ma CP: FPT
Sunday | 2019-02-10 15:56:59 | +0700, INFO, Da yeu cau ma CP: FPT
Sunday | 2019-02-10 15:58:30 | +0700, INFO, Da yeu cau ma CP: FPT
Sunday | 2019-02-10 16:15:41 | +0700, INFO, Da yeu cau ma CP: FPT
Sunday | 2019-02-10 16:16:10 | +0700, INFO, Da yeu cau ma CP: FPT
Sunday | 2019-02-10 16:16:44 | +0700, INFO, Da yeu cau ma CP: FPT
Sunday | 2019-02-10 16:17:00 | +0700, INFO, Da yeu cau ma CP: FPT
Sunday | 2019-02-10 16:17:25 | +0700, INFO, Da yeu cau ma CP: FPT
Sunday | 2019-02-10 16:18:21 | +0700, INFO, Da yeu cau ma CP: FPT
Sunday | 2019-02-10 16:18:21 | +0700, INFO, Directory ./historical_prices/FPT created
Sunday | 2019-02-10 16:19:50 | +0700, INFO, Da yeu cau ma CP: FPT
Sunday | 2019-02-10 16:20:21 | +0700, INFO, Da yeu cau ma CP: FPT
Sunday | 2019-02-10 16:20:52 | +0700, INFO, Da yeu cau ma CP: FPT
Sunday | 2019-02-10 16:21:39 | +0700, INFO, Da yeu cau ma CP: FPT
Sunday | 2019-02-10 16:21:53 | +0700, INFO, Da yeu cau ma CP: FPT
Sunday | 2019-02-10 16:22:06 | +0700, INFO, Da yeu cau ma CP: FPT
Sunday | 2019-02-10 16:22:15 | +0700, INFO, Da yeu cau ma CP: FPT
Sunday | 2019-02-10 16:22:27 | +0700, INFO, Da yeu cau ma CP: FPT
Sunday | 2019-02-10 16:23:23 | +0700, INFO, Da yeu cau ma CP: FPT
Sunday | 2019-02-10 16:23:42 | +0700, INFO, Da yeu cau ma CP: FPT
